```plaintext
| Employee ID | Role                  | Week 1 Goals                                     | Week 2 Goals                                     | Week 3 Goals                                     | Week 4 Goals                                     |
|-------------|-----------------------|--------------------------------------------------|--------------------------------------------------|--------------------------------------------------|--------------------------------------------------|
| cart-1      | Concept Artist        | Research and gather reference materials.         | Develop initial sketches for key environments.   | Refine sketches into detailed concept art.       | Finalize designs and prepare for presentation.   |
| cdev-3      | Client Developer      | Outline and prototype new game features.        | Implement core gameplay features.                 | Optimize performance and user experience.        | Conduct final testing and prepare for launch.    |
| cdev-1      | Client Developer      | Outline and prototype new game features.        | Implement core gameplay features.                 | Optimize performance and user experience.        | Conduct final testing and prepare for launch.    |
| sdes-1      | Systems Designer      | Establish a coherent framework for architecture. | Design and prototype key game mechanics.          | Refine mechanics and ensure balance.             | Integrate refined mechanics and document process. |
| beng-1      | Build Engineer        | Establish the foundation for the build pipeline. | Implement continuous integration processes.       | Automate deployment processes.                   | Enhance reliability and efficiency of pipeline.   |
| qtest-1     | QA Tester             | Establish a comprehensive testing strategy.     | Set up a robust bug tracking system.             | Begin initial rounds of testing on builds.      | Conduct final testing and ensure quality.         |
| 3dmod-2     | 3D Modeler/Animator   | Collect references for animations and assets.   | Model initial characters and environment assets.  | Rig characters and create basic animations.      | Finalize models and animations based on feedback. |
| prod-1      | Producer              | Coordinate overall project goals and timelines. | Facilitate communication between teams.           | Ensure milestone deadlines are met.              | Prepare for project presentation to stakeholders. |
| sdes-2      | Systems Designer      | Establish a coherent framework for architecture. | Design and prototype key game mechanics.          | Refine mechanics and ensure balance.             | Integrate refined mechanics and document process. |
| cdev-2      | Client Developer      | Outline and prototype new game features.        | Implement core gameplay features.                 | Optimize performance and user experience.        | Conduct final testing and prepare for launch.    |
| uiux-1      | UI/UX Designer        | Conduct user research and analyze preferences.  | Develop wireframes for redesigned interface.     | Design visual components of the game interface.  | Finalize UI elements and conduct user testing.   |
| lpro-1      | Lead Programmer       | Establish foundations for the game architecture. | Implement key gameplay features.                   | Refine features and begin initial testing.      | Develop advanced gameplay systems and optimizations.|
| tart-1      | Technical Artist      | Establish asset integration framework.          | Optimize art assets for performance.              | Create and implement visual effects.             | Finalize assets and prepare documentation.       |
| tdev-1      | Tools Developer       | Understand team needs for tool requirements.    | Develop initial prototypes for internal tools.    | Implement tools and conduct testing.             | Refine tools based on feedback and prepare docs. |
| ldes-1      | Lead Game Designer    | Identify core gameplay mechanics for exploration.| Develop prototypes of gameplay mechanics.        | Document gameplay mechanics and systems.         | Finalize design documents and prepare presentation.|
| aud-1      | Audio Engineer        | Gather sound effects and ambient noises.        | Compose background music fitting the atmosphere.  | Integrate audio assets into the game engine.    | Finalize audio assets and conduct quality testing.|
| sdev-1      | Server Developer      | Establish network infrastructure planning.      | Implement core backend functionalities.            | Optimize server performance and load testing.    | Establish security measures and document architecture.|
| lvdn-1     | Level Designer        | Develop initial concepts and layouts for levels.| Create blockout versions of selected levels.      | Refine levels with detailed environmental design. | Test completed levels for balance and engagement. |
| ndes-1      | Narrative Designer    | Establish overarching narrative and themes.     | Develop backstories for characters.               | Write dialogue and structure key scenes.        | Ensure narrative integration and gather feedback.  |
``` 

This DataFrame summarizes the detailed expected goals for each employee over the next four weeks as part of the company's objective to construct a Third-person shooter game from the beginning. Each employee's role is clearly listed alongside their specific goals for each week.