Sure! Here is the detailed expected goals for each employee over the next 4 weeks in a structured format as a pandas DataFrame:

```python
import pandas as pd

# Define the employee roles and expectations
data = {
    "Employee ID": [
        "cart-1", "cdev-3", "cdev-1", "sdes-1", "beng-1",
        "qtest-1", "3dmod-2", "prod-1", "sdes-2", "cdev-2",
        "uiux-1", "3dmod-1", "lpro-1", "tart-1", "tdev-1",
        "ldes-1", "aud-1", "sdev-1", "lvdn-1", "ndes-1"
    ],
    "Role": [
        "Concept Artist", "Client Developer", "Client Developer", "Systems Designer", "Build Engineer",
        "QA Tester", "3D Modeler/Animator", "Producer", "Systems Designer", "Client Developer",
        "UI/UX Designer", "3D Modeler/Animator", "Lead Programmer", "Technical Artist", "Tools Developer",
        "Lead Game Designer", "Audio Engineer", "Server Developer", "Level Designer", "Narrative Designer"
    ],
    "Week 1": [
        "Finalize art style and references.", 
        "Implement core systems and input handling.", 
        "Develop core gameplay features.", 
        "Draft core systems design document.", 
        "Assess current CI/CD processes.",
        "Determine initial testing criteria.", 
        "Create rough blockouts for 2-3 key assets.", 
        "Kickoff meeting for project management.", 
        "Draft mechanics and rules documents.", 
        "Align on gameplay features with team.",
        "Create low-fidelity wireframes for UI screens.", 
        "Create and animate initial character models.", 
        "Define core programming architecture.", 
        "Gather art requirements and asset list.", 
        "Implementing tools for asset integration.",
        "Kickoff meeting to define game development vision.", 
        "Gather sound requirements and plan timeline.", 
        "Outline server architecture and requirements.", 
        "Blockout key level designs.", 
        "Align on narrative vision and key story elements."
    ],
    "Week 2": [
        "Submit refined character designs.", 
        "Develop gameplay mechanics.", 
        "Integrate prototype UI elements.", 
        "Refine mechanics and gather feedback.", 
        "Implement core CI/CD systems.",
        "Conduct internal testing and gathering feedback.", 
        "Add gameplay elements to models.", 
        "Plan execution and timelines.", 
        "Implement mechanics based on feedback.", 
        "Iterate feedback from gameplay testing.",
        "Develop high-fidelity mockups.", 
        "Continue animating models.", 
        "Define and implement key systems.", 
        "Optimize tools for integration.", 
        "Create and iterate on sound effects.",
        "Prepare technical documentation for server.", 
        "Refine level layouts through iteration.", 
        "Write dialogues for key scenes."
    ],
    "Week 3": [
        "Polish final character designs.", 
        "Refine gameplay mechanics based on playtests.", 
        "Build interactive prototypes for UI.", 
        "Conduct playtests and iterate on mechanics.", 
        "Optimize CI/CD processes.",
        "Conduct external testing.", 
        "Add environmental details and props.", 
        "Conduct reviews and adjustments based on feedback.", 
        "Implement feedback from mechanics testing.", 
        "Align UI elements with gameplay mechanics.",
        "Iterate on UI designs based on usability tests.", 
        "Finalize detailed character models.", 
        "Implement advanced game systems.", 
        "Implement sound and music for key environments.",
        "Conduct performance and security assessments.", 
        "Polish and finalize level designs.", 
        "Integrate narrative components into gameplay."
    ],
    "Week 4": [
        "Compile all final designs for presentation.", 
        "Finalize prototype for internal demo.", 
        "Handoff UI to developers for integration.", 
        "Finalize mechanics and handoff to testing.", 
        "Conduct final CI/CD reviews.",
        "Compile testing reports and document findings.", 
        "Prepare documentation and handoff 3D assets.", 
        "Prepare project finalization documents.", 
        "Conduct internal review of game mechanics.", 
        "Wrap up gameplay feature integrations.",
        "Finalize interactive elements of the UI.", 
        "Polish animations and finalize assets.", 
        "Prepare technical documentation for programming.", 
        "Finalize auditory components for integration.",
        "Conduct server testing and documentation handoff.", 
        "Finalize level layouts for integration.", 
        "Handoff narrative scripts for implementation."
    ]
}

# Create the DataFrame
employee_goals_df = pd.DataFrame(data)

# Display the DataFrame
employee_goals_df.set_index("Employee ID", inplace=True)
employee_goals_df
```

### Final Answer (Structured DataFrame)

| Employee ID | Role                     | Week 1                                                        | Week 2                                                        | Week 3                                                        | Week 4                                                        |
|-------------|--------------------------|--------------------------------------------------------------|--------------------------------------------------------------|--------------------------------------------------------------|--------------------------------------------------------------|
| cart-1      | Concept Artist           | Finalize art style and references.                           | Submit refined character designs.                            | Polish final character designs.                              | Compile all final designs for presentation.                  |
| cdev-3      | Client Developer          | Implement core systems and input handling.                  | Develop gameplay mechanics.                                  | Refine gameplay mechanics based on playtests.               | Finalize prototype for internal demo.                        |
| cdev-1      | Client Developer          | Develop core gameplay features.                              | Integrate prototype UI elements.                             | Conduct playtests and iterate on mechanics.                  | Finalize gameplay feature integrations.                      |
| sdes-1      | Systems Designer         | Draft core systems design document.                          | Refine mechanics and gather feedback.                        | Finalize mechanics and handoff to testing.                  | Conduct internal review of game mechanics.                   |
| beng-1      | Build Engineer            | Assess current CI/CD processes.                              | Implement core CI/CD systems.                                | Conduct final CI/CD reviews.                                 | Conduct final CI/CD reviews.                                 |
| qtest-1     | QA Tester                 | Determine initial testing criteria.                          | Conduct internal testing and gathering feedback.              | Compile testing reports and document findings.               | Wrap up gameplay feature integrations.                       |
| 3dmod-2     | 3D Modeler/Animator      | Create rough blockouts for 2-3 key assets.                  | Add gameplay elements to models.                             | Add environmental details and props.                          | Prepare documentation and handoff 3D assets.                |
| prod-1      | Producer                  | Kickoff meeting for project management.                      | Plan execution and timelines.                                 | Conduct reviews and adjustments based on feedback.           | Prepare project finalization documents.                      |
| sdes-2     | Systems Designer         | Draft mechanics and rules documents.                         | Implement feedback from gameplay testing.                     | Implement feedback from mechanics testing.                   | Finalize technical specifications for mechanics.             |
| cdev-2      | Client Developer          | Align on gameplay features with team.                        | Iterate feedback from gameplay testing.                       | Align UI elements with gameplay mechanics.                   | Finalize gameplay feature integrations.                      |
| uiux-1      | UI/UX Designer            | Create low-fidelity wireframes for UI screens.              | Develop high-fidelity mockups.                               | Finalize interactive elements of the UI.                     | Handoff UI to developers for integration.                    |
| 3dmod-1     | 3D Modeler/Animator      | Create and animate initial character models.                 | Continue animating models.                                   | Polish animations and finalize assets.                        | Prepare documentation and handoff 3D assets.                |
| lpro-1      | Lead Programmer           | Define core programming architecture.                        | Define and implement key systems.                             | Implement advanced game systems.                              | Prepare technical documentation for programming.             |
| tart-1      | Technical Artist          | Gather art requirements and asset list.                      | Optimize tools for integration.                               | Finalize auditory components for integration.                | Finalize all graphics and handoff to production.            |
| tdev-1      | Tools Developer           | Implementing tools for asset integration.                    | Create tools for smooth art integration.                      | Optimize tools for integration.                              | Final documentation for tool usage and maintenance.         |
| ldes-1      | Lead Game Designer        | Kickoff meeting to define game development vision.         | Focus on gameplay balance and mechanics.                      | Iterate on gameplay mechanics with the team.                | Finalize design document and prepare for production.        |
| aud-1       | Audio Engineer            | Gather sound requirements and plan timeline.                 | Implement sound for test environments.                       | Conduct testing for sound implementation.                     | Finalize and implement audio for the game.                  |
| sdev-1      | Server Developer          | Outline server architecture and requirements.                | Set up initial server environment.                            | Conduct server testing and documentation handoff.           | Finalize server architecture for deployment.                 |
| lvdn-1      | Level Designer            | Blockout key level designs.                                 | Conduct reviews and player feedback on designs.              | Polish and finalize level designs.                            | Handoff level designs for integration.                       |
| ndes-1      | Narrative Designer        | Align on narrative vision and key story elements.           | Write dialogues for key scenes.                               | Refine dialogues and integrate into gameplay.                | Handoff narrative scripts for implementation.               |

This structured DataFrame provides a comprehensive overview of the expected tasks for each employee as the company embarks on the development of the third-person shooter game over the next four weeks.